<?xml version="1.0" encoding="UTF-8"?>
<!-- Generated by org.testng.reporters.JUnitReportReporter -->
<testsuite skipped="0" hostname="LAPTOP-0H3G4G6P" name="com.hof.qa.testcases.LoginPageTest" tests="3" failures="0" timestamp="2020-07-13T18:51:11 CAT" time="5.208" errors="0">
  <testcase name="loginPageTitleTest" time="0.030" classname="com.hof.qa.testcases.LoginPageTest"/>
  <system-out/>
  <testcase name="hofLogoImgTest" time="0.089" classname="com.hof.qa.testcases.LoginPageTest"/>
  <system-out/>
  <testcase name="loginTest" time="5.089" classname="com.hof.qa.testcases.LoginPageTest"/>
  <system-out/>
</testsuite> <!-- com.hof.qa.testcases.LoginPageTest -->
